<?xml version="1.0" encoding="UTF-8"?>
<testsuite xmlns:xsi="http://www.w3.org/2001/XMLSchema-instance" xsi:noNamespaceSchemaLocation="https://maven.apache.org/surefire/maven-surefire-plugin/xsd/surefire-test-report.xsd" name="com.bandtec.techconnective.TechconnectiveApplicationTests" time="7.618" tests="1" errors="0" skipped="0" failures="0">
  <properties>
    <property name="awt.toolkit" value="sun.awt.X11.XToolkit"/>
    <property name="java.specification.version" value="11"/>
    <property name="sun.cpu.isalist" value=""/>
    <property name="sun.jnu.encoding" value="UTF-8"/>
    <property name="java.class.path" value="/home/brino/Documentos/TechConnective/target/test-classes:/home/brino/Documentos/TechConnective/target/classes:/home/brino/.m2/repository/org/springframework/boot/spring-boot-starter-data-mongodb/2.1.8.RELEASE/spring-boot-starter-data-mongodb-2.1.8.RELEASE.jar:/home/brino/.m2/repository/org/springframework/boot/spring-boot-starter/2.1.8.RELEASE/spring-boot-starter-2.1.8.RELEASE.jar:/home/brino/.m2/repository/org/springframework/boot/spring-boot/2.1.8.RELEASE/spring-boot-2.1.8.RELEASE.jar:/home/brino/.m2/repository/org/springframework/boot/spring-boot-autoconfigure/2.1.8.RELEASE/spring-boot-autoconfigure-2.1.8.RELEASE.jar:/home/brino/.m2/repository/org/springframework/boot/spring-boot-starter-logging/2.1.8.RELEASE/spring-boot-starter-logging-2.1.8.RELEASE.jar:/home/brino/.m2/repository/ch/qos/logback/logback-classic/1.2.3/logback-classic-1.2.3.jar:/home/brino/.m2/repository/ch/qos/logback/logback-core/1.2.3/logback-core-1.2.3.jar:/home/brino/.m2/repository/org/apache/logging/log4j/log4j-to-slf4j/2.11.2/log4j-to-slf4j-2.11.2.jar:/home/brino/.m2/repository/org/apache/logging/log4j/log4j-api/2.11.2/log4j-api-2.11.2.jar:/home/brino/.m2/repository/org/slf4j/jul-to-slf4j/1.7.28/jul-to-slf4j-1.7.28.jar:/home/brino/.m2/repository/javax/annotation/javax.annotation-api/1.3.2/javax.annotation-api-1.3.2.jar:/home/brino/.m2/repository/org/yaml/snakeyaml/1.23/snakeyaml-1.23.jar:/home/brino/.m2/repository/org/mongodb/mongodb-driver/3.8.2/mongodb-driver-3.8.2.jar:/home/brino/.m2/repository/org/mongodb/bson/3.8.2/bson-3.8.2.jar:/home/brino/.m2/repository/org/mongodb/mongodb-driver-core/3.8.2/mongodb-driver-core-3.8.2.jar:/home/brino/.m2/repository/org/springframework/data/spring-data-mongodb/2.1.10.RELEASE/spring-data-mongodb-2.1.10.RELEASE.jar:/home/brino/.m2/repository/org/springframework/spring-tx/5.1.9.RELEASE/spring-tx-5.1.9.RELEASE.jar:/home/brino/.m2/repository/org/springframework/spring-context/5.1.9.RELEASE/spring-context-5.1.9.RELEASE.jar:/home/brino/.m2/repository/org/springframework/spring-beans/5.1.9.RELEASE/spring-beans-5.1.9.RELEASE.jar:/home/brino/.m2/repository/org/springframework/spring-expression/5.1.9.RELEASE/spring-expression-5.1.9.RELEASE.jar:/home/brino/.m2/repository/org/springframework/data/spring-data-commons/2.1.10.RELEASE/spring-data-commons-2.1.10.RELEASE.jar:/home/brino/.m2/repository/org/slf4j/slf4j-api/1.7.28/slf4j-api-1.7.28.jar:/home/brino/.m2/repository/org/springframework/boot/spring-boot-starter-web/2.1.8.RELEASE/spring-boot-starter-web-2.1.8.RELEASE.jar:/home/brino/.m2/repository/org/springframework/boot/spring-boot-starter-json/2.1.8.RELEASE/spring-boot-starter-json-2.1.8.RELEASE.jar:/home/brino/.m2/repository/com/fasterxml/jackson/core/jackson-databind/2.9.9.3/jackson-databind-2.9.9.3.jar:/home/brino/.m2/repository/com/fasterxml/jackson/core/jackson-annotations/2.9.0/jackson-annotations-2.9.0.jar:/home/brino/.m2/repository/com/fasterxml/jackson/core/jackson-core/2.9.9/jackson-core-2.9.9.jar:/home/brino/.m2/repository/com/fasterxml/jackson/datatype/jackson-datatype-jdk8/2.9.9/jackson-datatype-jdk8-2.9.9.jar:/home/brino/.m2/repository/com/fasterxml/jackson/datatype/jackson-datatype-jsr310/2.9.9/jackson-datatype-jsr310-2.9.9.jar:/home/brino/.m2/repository/com/fasterxml/jackson/module/jackson-module-parameter-names/2.9.9/jackson-module-parameter-names-2.9.9.jar:/home/brino/.m2/repository/org/springframework/boot/spring-boot-starter-tomcat/2.1.8.RELEASE/spring-boot-starter-tomcat-2.1.8.RELEASE.jar:/home/brino/.m2/repository/org/apache/tomcat/embed/tomcat-embed-core/9.0.24/tomcat-embed-core-9.0.24.jar:/home/brino/.m2/repository/org/apache/tomcat/embed/tomcat-embed-el/9.0.24/tomcat-embed-el-9.0.24.jar:/home/brino/.m2/repository/org/apache/tomcat/embed/tomcat-embed-websocket/9.0.24/tomcat-embed-websocket-9.0.24.jar:/home/brino/.m2/repository/org/hibernate/validator/hibernate-validator/6.0.17.Final/hibernate-validator-6.0.17.Final.jar:/home/brino/.m2/repository/javax/validation/validation-api/2.0.1.Final/validation-api-2.0.1.Final.jar:/home/brino/.m2/repository/org/jboss/logging/jboss-logging/3.3.3.Final/jboss-logging-3.3.3.Final.jar:/home/brino/.m2/repository/com/fasterxml/classmate/1.4.0/classmate-1.4.0.jar:/home/brino/.m2/repository/org/springframework/spring-web/5.1.9.RELEASE/spring-web-5.1.9.RELEASE.jar:/home/brino/.m2/repository/org/springframework/spring-webmvc/5.1.9.RELEASE/spring-webmvc-5.1.9.RELEASE.jar:/home/brino/.m2/repository/org/springframework/spring-aop/5.1.9.RELEASE/spring-aop-5.1.9.RELEASE.jar:/home/brino/.m2/repository/org/springframework/boot/spring-boot-starter-test/2.1.8.RELEASE/spring-boot-starter-test-2.1.8.RELEASE.jar:/home/brino/.m2/repository/org/springframework/boot/spring-boot-test/2.1.8.RELEASE/spring-boot-test-2.1.8.RELEASE.jar:/home/brino/.m2/repository/org/springframework/boot/spring-boot-test-autoconfigure/2.1.8.RELEASE/spring-boot-test-autoconfigure-2.1.8.RELEASE.jar:/home/brino/.m2/repository/com/jayway/jsonpath/json-path/2.4.0/json-path-2.4.0.jar:/home/brino/.m2/repository/net/minidev/json-smart/2.3/json-smart-2.3.jar:/home/brino/.m2/repository/net/minidev/accessors-smart/1.2/accessors-smart-1.2.jar:/home/brino/.m2/repository/org/ow2/asm/asm/5.0.4/asm-5.0.4.jar:/home/brino/.m2/repository/junit/junit/4.12/junit-4.12.jar:/home/brino/.m2/repository/org/assertj/assertj-core/3.11.1/assertj-core-3.11.1.jar:/home/brino/.m2/repository/org/mockito/mockito-core/2.23.4/mockito-core-2.23.4.jar:/home/brino/.m2/repository/net/bytebuddy/byte-buddy/1.9.16/byte-buddy-1.9.16.jar:/home/brino/.m2/repository/net/bytebuddy/byte-buddy-agent/1.9.16/byte-buddy-agent-1.9.16.jar:/home/brino/.m2/repository/org/objenesis/objenesis/2.6/objenesis-2.6.jar:/home/brino/.m2/repository/org/hamcrest/hamcrest-core/1.3/hamcrest-core-1.3.jar:/home/brino/.m2/repository/org/hamcrest/hamcrest-library/1.3/hamcrest-library-1.3.jar:/home/brino/.m2/repository/org/skyscreamer/jsonassert/1.5.0/jsonassert-1.5.0.jar:/home/brino/.m2/repository/com/vaadin/external/google/android-json/0.0.20131108.vaadin1/android-json-0.0.20131108.vaadin1.jar:/home/brino/.m2/repository/org/springframework/spring-core/5.1.9.RELEASE/spring-core-5.1.9.RELEASE.jar:/home/brino/.m2/repository/org/springframework/spring-jcl/5.1.9.RELEASE/spring-jcl-5.1.9.RELEASE.jar:/home/brino/.m2/repository/org/springframework/spring-test/5.1.9.RELEASE/spring-test-5.1.9.RELEASE.jar:/home/brino/.m2/repository/org/xmlunit/xmlunit-core/2.6.3/xmlunit-core-2.6.3.jar:/home/brino/.m2/repository/javax/xml/bind/jaxb-api/2.3.1/jaxb-api-2.3.1.jar:/home/brino/.m2/repository/javax/activation/javax.activation-api/1.2.0/javax.activation-api-1.2.0.jar:/home/brino/.m2/repository/org/apache/maven/plugins/maven-jar-plugin/3.0.2/maven-jar-plugin-3.0.2.jar:/home/brino/.m2/repository/org/apache/maven/maven-plugin-api/3.0/maven-plugin-api-3.0.jar:/home/brino/.m2/repository/org/sonatype/sisu/sisu-inject-plexus/1.4.2/sisu-inject-plexus-1.4.2.jar:/home/brino/.m2/repository/org/sonatype/sisu/sisu-inject-bean/1.4.2/sisu-inject-bean-1.4.2.jar:/home/brino/.m2/repository/org/sonatype/sisu/sisu-guice/2.1.7/sisu-guice-2.1.7-noaop.jar:/home/brino/.m2/repository/org/apache/maven/maven-core/3.0/maven-core-3.0.jar:/home/brino/.m2/repository/org/apache/maven/maven-settings-builder/3.0/maven-settings-builder-3.0.jar:/home/brino/.m2/repository/org/apache/maven/maven-repository-metadata/3.0/maven-repository-metadata-3.0.jar:/home/brino/.m2/repository/org/apache/maven/maven-model-builder/3.0/maven-model-builder-3.0.jar:/home/brino/.m2/repository/org/apache/maven/maven-aether-provider/3.0/maven-aether-provider-3.0.jar:/home/brino/.m2/repository/org/sonatype/aether/aether-impl/1.7/aether-impl-1.7.jar:/home/brino/.m2/repository/org/sonatype/aether/aether-spi/1.7/aether-spi-1.7.jar:/home/brino/.m2/repository/org/sonatype/aether/aether-api/1.7/aether-api-1.7.jar:/home/brino/.m2/repository/org/sonatype/aether/aether-util/1.7/aether-util-1.7.jar:/home/brino/.m2/repository/org/codehaus/plexus/plexus-interpolation/1.14/plexus-interpolation-1.14.jar:/home/brino/.m2/repository/org/codehaus/plexus/plexus-classworlds/2.2.3/plexus-classworlds-2.2.3.jar:/home/brino/.m2/repository/org/codehaus/plexus/plexus-component-annotations/1.5.5/plexus-component-annotations-1.5.5.jar:/home/brino/.m2/repository/org/sonatype/plexus/plexus-sec-dispatcher/1.3/plexus-sec-dispatcher-1.3.jar:/home/brino/.m2/repository/org/sonatype/plexus/plexus-cipher/1.4/plexus-cipher-1.4.jar:/home/brino/.m2/repository/org/apache/maven/maven-artifact/3.0/maven-artifact-3.0.jar:/home/brino/.m2/repository/org/apache/maven/maven-archiver/3.1.1/maven-archiver-3.1.1.jar:/home/brino/.m2/repository/org/apache/maven/shared/maven-shared-utils/3.0.1/maven-shared-utils-3.0.1.jar:/home/brino/.m2/repository/commons-io/commons-io/2.5/commons-io-2.5.jar:/home/brino/.m2/repository/org/codehaus/plexus/plexus-archiver/3.4/plexus-archiver-3.4.jar:/home/brino/.m2/repository/org/codehaus/plexus/plexus-io/2.7.1/plexus-io-2.7.1.jar:/home/brino/.m2/repository/org/apache/commons/commons-compress/1.11/commons-compress-1.11.jar:/home/brino/.m2/repository/org/iq80/snappy/snappy/0.4/snappy-0.4.jar:/home/brino/.m2/repository/org/tukaani/xz/1.5/xz-1.5.jar:/home/brino/.m2/repository/org/codehaus/plexus/plexus-utils/3.0.24/plexus-utils-3.0.24.jar:/home/brino/.m2/repository/de/flapdoodle/embed/de.flapdoodle.embed.mongo/2.1.2/de.flapdoodle.embed.mongo-2.1.2.jar:/home/brino/.m2/repository/de/flapdoodle/embed/de.flapdoodle.embed.process/2.1.2/de.flapdoodle.embed.process-2.1.2.jar:/home/brino/.m2/repository/org/apache/commons/commons-lang3/3.8.1/commons-lang3-3.8.1.jar:/home/brino/.m2/repository/net/java/dev/jna/jna/4.5.2/jna-4.5.2.jar:/home/brino/.m2/repository/net/java/dev/jna/jna-platform/4.5.2/jna-platform-4.5.2.jar:/home/brino/.m2/repository/org/projectlombok/lombok/1.18.8/lombok-1.18.8.jar:/home/brino/.m2/repository/com/microsoft/azure/azure-webapp-maven-plugin/1.7.0/azure-webapp-maven-plugin-1.7.0.jar:/home/brino/.m2/repository/org/dom4j/dom4j/2.0.2/dom4j-2.0.2.jar:/home/brino/.m2/repository/jaxen/jaxen/1.1.6/jaxen-1.1.6.jar:/home/brino/.m2/repository/org/apache/commons/commons-collections4/4.2/commons-collections4-4.2.jar:/home/brino/.m2/repository/org/apache/maven/maven-settings/3.3.3/maven-settings-3.3.3.jar:/home/brino/.m2/repository/org/apache/maven/maven-model/3.3.3/maven-model-3.3.3.jar:/home/brino/.m2/repository/com/microsoft/azure/azure-maven-plugin-lib/1.2.9/azure-maven-plugin-lib-1.2.9.jar:/home/brino/.m2/repository/org/apache/maven/shared/maven-filtering/3.0.0/maven-filtering-3.0.0.jar:/home/brino/.m2/repository/org/sonatype/plexus/plexus-build-api/0.0.7/plexus-build-api-0.0.7.jar:/home/brino/.m2/repository/com/microsoft/azure/azure/1.21.0/azure-1.21.0.jar:/home/brino/.m2/repository/com/microsoft/azure/azure-client-runtime/1.6.4/azure-client-runtime-1.6.4.jar:/home/brino/.m2/repository/com/microsoft/rest/client-runtime/1.6.4/client-runtime-1.6.4.jar:/home/brino/.m2/repository/com/google/guava/guava/20.0/guava-20.0.jar:/home/brino/.m2/repository/com/squareup/retrofit2/retrofit/2.4.0/retrofit-2.4.0.jar:/home/brino/.m2/repository/com/squareup/okhttp3/okhttp/3.11.0/okhttp-3.11.0.jar:/home/brino/.m2/repository/com/squareup/okio/okio/1.14.0/okio-1.14.0.jar:/home/brino/.m2/repository/com/squareup/okhttp3/logging-interceptor/3.11.0/logging-interceptor-3.11.0.jar:/home/brino/.m2/repository/com/squareup/okhttp3/okhttp-urlconnection/3.11.0/okhttp-urlconnection-3.11.0.jar:/home/brino/.m2/repository/com/squareup/retrofit2/converter-jackson/2.4.0/converter-jackson-2.4.0.jar:/home/brino/.m2/repository/com/fasterxml/jackson/datatype/jackson-datatype-joda/2.9.9/jackson-datatype-joda-2.9.9.jar:/home/brino/.m2/repository/com/squareup/retrofit2/adapter-rxjava/2.4.0/adapter-rxjava-2.4.0.jar:/home/brino/.m2/repository/com/microsoft/azure/azure-client-authentication/1.6.4/azure-client-authentication-1.6.4.jar:/home/brino/.m2/repository/commons-codec/commons-codec/1.11/commons-codec-1.11.jar:/home/brino/.m2/repository/com/microsoft/azure/adal4j/1.6.2/adal4j-1.6.2.jar:/home/brino/.m2/repository/com/nimbusds/oauth2-oidc-sdk/5.64.4/oauth2-oidc-sdk-5.64.4.jar:/home/brino/.m2/repository/com/sun/mail/javax.mail/1.6.2/javax.mail-1.6.2.jar:/home/brino/.m2/repository/javax/activation/activation/1.1/activation-1.1.jar:/home/brino/.m2/repository/com/github/stephenc/jcip/jcip-annotations/1.0-1/jcip-annotations-1.0-1.jar:/home/brino/.m2/repository/com/nimbusds/lang-tag/1.4.4/lang-tag-1.4.4.jar:/home/brino/.m2/repository/com/nimbusds/nimbus-jose-jwt/8.2/nimbus-jose-jwt-8.2.jar:/home/brino/.m2/repository/com/microsoft/azure/azure-annotations/1.7.0/azure-annotations-1.7.0.jar:/home/brino/.m2/repository/com/microsoft/azure/azure-mgmt-resources/1.21.0/azure-mgmt-resources-1.21.0.jar:/home/brino/.m2/repository/io/reactivex/rxjava/1.3.8/rxjava-1.3.8.jar:/home/brino/.m2/repository/org/apache/httpcomponents/httpcore/4.4.12/httpcore-4.4.12.jar:/home/brino/.m2/repository/com/microsoft/azure/azure-mgmt-storage/1.21.0/azure-mgmt-storage-1.21.0.jar:/home/brino/.m2/repository/com/microsoft/azure/azure-mgmt-network/1.21.0/azure-mgmt-network-1.21.0.jar:/home/brino/.m2/repository/com/microsoft/azure/azure-mgmt-compute/1.21.0/azure-mgmt-compute-1.21.0.jar:/home/brino/.m2/repository/com/google/code/gson/gson/2.8.5/gson-2.8.5.jar:/home/brino/.m2/repository/com/microsoft/azure/azure-mgmt-graph-rbac/1.21.0/azure-mgmt-graph-rbac-1.21.0.jar:/home/brino/.m2/repository/com/microsoft/azure/azure-mgmt-keyvault/1.21.0/azure-mgmt-keyvault-1.21.0.jar:/home/brino/.m2/repository/com/microsoft/azure/azure-keyvault/1.0.0/azure-keyvault-1.0.0.jar:/home/brino/.m2/repository/com/microsoft/azure/azure-keyvault-webkey/1.0.0/azure-keyvault-webkey-1.0.0.jar:/home/brino/.m2/repository/com/microsoft/azure/azure-mgmt-batch/1.21.0/azure-mgmt-batch-1.21.0.jar:/home/brino/.m2/repository/com/microsoft/azure/azure-mgmt-trafficmanager/1.21.0/azure-mgmt-trafficmanager-1.21.0.jar:/home/brino/.m2/repository/com/microsoft/azure/azure-mgmt-dns/1.21.0/azure-mgmt-dns-1.21.0.jar:/home/brino/.m2/repository/com/microsoft/azure/azure-mgmt-redis/1.21.0/azure-mgmt-redis-1.21.0.jar:/home/brino/.m2/repository/com/microsoft/azure/azure-mgmt-appservice/1.21.0/azure-mgmt-appservice-1.21.0.jar:/home/brino/.m2/repository/com/microsoft/azure/azure-storage/6.1.0/azure-storage-6.1.0.jar:/home/brino/.m2/repository/com/microsoft/azure/azure-keyvault-core/0.8.0/azure-keyvault-core-0.8.0.jar:/home/brino/.m2/repository/com/microsoft/azure/azure-mgmt-locks/1.21.0/azure-mgmt-locks-1.21.0.jar:/home/brino/.m2/repository/com/microsoft/azure/azure-mgmt-eventhub/1.21.0/azure-mgmt-eventhub-1.21.0.jar:/home/brino/.m2/repository/com/microsoft/azure/azure-mgmt-cdn/1.21.0/azure-mgmt-cdn-1.21.0.jar:/home/brino/.m2/repository/com/microsoft/azure/azure-mgmt-sql/1.21.0/azure-mgmt-sql-1.21.0.jar:/home/brino/.m2/repository/com/microsoft/azure/azure-mgmt-containerinstance/1.21.0/azure-mgmt-containerinstance-1.21.0.jar:/home/brino/.m2/repository/com/microsoft/azure/azure-mgmt-containerregistry/1.21.0/azure-mgmt-containerregistry-1.21.0.jar:/home/brino/.m2/repository/com/microsoft/azure/azure-mgmt-containerservice/1.21.0/azure-mgmt-containerservice-1.21.0.jar:/home/brino/.m2/repository/com/microsoft/azure/azure-mgmt-cosmosdb/1.21.0/azure-mgmt-cosmosdb-1.21.0.jar:/home/brino/.m2/repository/com/microsoft/azure/azure-mgmt-search/1.21.0/azure-mgmt-search-1.21.0.jar:/home/brino/.m2/repository/com/microsoft/azure/azure-mgmt-msi/1.21.0/azure-mgmt-msi-1.21.0.jar:/home/brino/.m2/repository/com/microsoft/azure/azure-mgmt-monitor/1.21.0/azure-mgmt-monitor-1.21.0.jar:/home/brino/.m2/repository/com/microsoft/azure/azure-mgmt-servicebus/1.21.0/azure-mgmt-servicebus-1.21.0.jar:/home/brino/.m2/repository/joda-time/joda-time/2.10.3/joda-time-2.10.3.jar:/home/brino/.m2/repository/com/microsoft/azure/azure-mgmt-batchai/1.21.0/azure-mgmt-batchai-1.21.0.jar:/home/brino/.m2/repository/com/microsoft/azure/applicationinsights-core/2.2.1/applicationinsights-core-2.2.1.jar:/home/brino/.m2/repository/commons-net/commons-net/3.6/commons-net-3.6.jar:/home/brino/.m2/repository/org/zeroturnaround/zt-zip/1.13/zt-zip-1.13.jar:/home/brino/.m2/repository/jakarta/xml/bind/jakarta.xml.bind-api/2.3.2/jakarta.xml.bind-api-2.3.2.jar:/home/brino/.m2/repository/jakarta/activation/jakarta.activation-api/1.2.1/jakarta.activation-api-1.2.1.jar:/home/brino/.m2/repository/org/glassfish/jaxb/jaxb-runtime/2.3.1/jaxb-runtime-2.3.1.jar:/home/brino/.m2/repository/org/glassfish/jaxb/txw2/2.3.1/txw2-2.3.1.jar:/home/brino/.m2/repository/com/sun/istack/istack-commons-runtime/3.0.7/istack-commons-runtime-3.0.7.jar:/home/brino/.m2/repository/org/jvnet/staxex/stax-ex/1.8/stax-ex-1.8.jar:/home/brino/.m2/repository/com/sun/xml/fastinfoset/FastInfoset/1.2.15/FastInfoset-1.2.15.jar:"/>
    <property name="java.vm.vendor" value="Ubuntu"/>
    <property name="sun.arch.data.model" value="64"/>
    <property name="java.vendor.url" value="https://ubuntu.com/"/>
    <property name="user.timezone" value=""/>
    <property name="java.vm.specification.version" value="11"/>
    <property name="os.name" value="Linux"/>
    <property name="sun.java.launcher" value="SUN_STANDARD"/>
    <property name="user.country" value="BR"/>
    <property name="sun.boot.library.path" value="/usr/lib/jvm/java-11-openjdk-amd64/lib"/>
    <property name="sun.java.command" value="/home/brino/Documentos/TechConnective/target/surefire/surefirebooter12864368317957406712.jar /home/brino/Documentos/TechConnective/target/surefire 2019-10-30T17-50-48_161-jvmRun1 surefire5293988143437071005tmp surefire_07886420627906540902tmp"/>
    <property name="jdk.debug" value="release"/>
    <property name="surefire.test.class.path" value="/home/brino/Documentos/TechConnective/target/test-classes:/home/brino/Documentos/TechConnective/target/classes:/home/brino/.m2/repository/org/springframework/boot/spring-boot-starter-data-mongodb/2.1.8.RELEASE/spring-boot-starter-data-mongodb-2.1.8.RELEASE.jar:/home/brino/.m2/repository/org/springframework/boot/spring-boot-starter/2.1.8.RELEASE/spring-boot-starter-2.1.8.RELEASE.jar:/home/brino/.m2/repository/org/springframework/boot/spring-boot/2.1.8.RELEASE/spring-boot-2.1.8.RELEASE.jar:/home/brino/.m2/repository/org/springframework/boot/spring-boot-autoconfigure/2.1.8.RELEASE/spring-boot-autoconfigure-2.1.8.RELEASE.jar:/home/brino/.m2/repository/org/springframework/boot/spring-boot-starter-logging/2.1.8.RELEASE/spring-boot-starter-logging-2.1.8.RELEASE.jar:/home/brino/.m2/repository/ch/qos/logback/logback-classic/1.2.3/logback-classic-1.2.3.jar:/home/brino/.m2/repository/ch/qos/logback/logback-core/1.2.3/logback-core-1.2.3.jar:/home/brino/.m2/repository/org/apache/logging/log4j/log4j-to-slf4j/2.11.2/log4j-to-slf4j-2.11.2.jar:/home/brino/.m2/repository/org/apache/logging/log4j/log4j-api/2.11.2/log4j-api-2.11.2.jar:/home/brino/.m2/repository/org/slf4j/jul-to-slf4j/1.7.28/jul-to-slf4j-1.7.28.jar:/home/brino/.m2/repository/javax/annotation/javax.annotation-api/1.3.2/javax.annotation-api-1.3.2.jar:/home/brino/.m2/repository/org/yaml/snakeyaml/1.23/snakeyaml-1.23.jar:/home/brino/.m2/repository/org/mongodb/mongodb-driver/3.8.2/mongodb-driver-3.8.2.jar:/home/brino/.m2/repository/org/mongodb/bson/3.8.2/bson-3.8.2.jar:/home/brino/.m2/repository/org/mongodb/mongodb-driver-core/3.8.2/mongodb-driver-core-3.8.2.jar:/home/brino/.m2/repository/org/springframework/data/spring-data-mongodb/2.1.10.RELEASE/spring-data-mongodb-2.1.10.RELEASE.jar:/home/brino/.m2/repository/org/springframework/spring-tx/5.1.9.RELEASE/spring-tx-5.1.9.RELEASE.jar:/home/brino/.m2/repository/org/springframework/spring-context/5.1.9.RELEASE/spring-context-5.1.9.RELEASE.jar:/home/brino/.m2/repository/org/springframework/spring-beans/5.1.9.RELEASE/spring-beans-5.1.9.RELEASE.jar:/home/brino/.m2/repository/org/springframework/spring-expression/5.1.9.RELEASE/spring-expression-5.1.9.RELEASE.jar:/home/brino/.m2/repository/org/springframework/data/spring-data-commons/2.1.10.RELEASE/spring-data-commons-2.1.10.RELEASE.jar:/home/brino/.m2/repository/org/slf4j/slf4j-api/1.7.28/slf4j-api-1.7.28.jar:/home/brino/.m2/repository/org/springframework/boot/spring-boot-starter-web/2.1.8.RELEASE/spring-boot-starter-web-2.1.8.RELEASE.jar:/home/brino/.m2/repository/org/springframework/boot/spring-boot-starter-json/2.1.8.RELEASE/spring-boot-starter-json-2.1.8.RELEASE.jar:/home/brino/.m2/repository/com/fasterxml/jackson/core/jackson-databind/2.9.9.3/jackson-databind-2.9.9.3.jar:/home/brino/.m2/repository/com/fasterxml/jackson/core/jackson-annotations/2.9.0/jackson-annotations-2.9.0.jar:/home/brino/.m2/repository/com/fasterxml/jackson/core/jackson-core/2.9.9/jackson-core-2.9.9.jar:/home/brino/.m2/repository/com/fasterxml/jackson/datatype/jackson-datatype-jdk8/2.9.9/jackson-datatype-jdk8-2.9.9.jar:/home/brino/.m2/repository/com/fasterxml/jackson/datatype/jackson-datatype-jsr310/2.9.9/jackson-datatype-jsr310-2.9.9.jar:/home/brino/.m2/repository/com/fasterxml/jackson/module/jackson-module-parameter-names/2.9.9/jackson-module-parameter-names-2.9.9.jar:/home/brino/.m2/repository/org/springframework/boot/spring-boot-starter-tomcat/2.1.8.RELEASE/spring-boot-starter-tomcat-2.1.8.RELEASE.jar:/home/brino/.m2/repository/org/apache/tomcat/embed/tomcat-embed-core/9.0.24/tomcat-embed-core-9.0.24.jar:/home/brino/.m2/repository/org/apache/tomcat/embed/tomcat-embed-el/9.0.24/tomcat-embed-el-9.0.24.jar:/home/brino/.m2/repository/org/apache/tomcat/embed/tomcat-embed-websocket/9.0.24/tomcat-embed-websocket-9.0.24.jar:/home/brino/.m2/repository/org/hibernate/validator/hibernate-validator/6.0.17.Final/hibernate-validator-6.0.17.Final.jar:/home/brino/.m2/repository/javax/validation/validation-api/2.0.1.Final/validation-api-2.0.1.Final.jar:/home/brino/.m2/repository/org/jboss/logging/jboss-logging/3.3.3.Final/jboss-logging-3.3.3.Final.jar:/home/brino/.m2/repository/com/fasterxml/classmate/1.4.0/classmate-1.4.0.jar:/home/brino/.m2/repository/org/springframework/spring-web/5.1.9.RELEASE/spring-web-5.1.9.RELEASE.jar:/home/brino/.m2/repository/org/springframework/spring-webmvc/5.1.9.RELEASE/spring-webmvc-5.1.9.RELEASE.jar:/home/brino/.m2/repository/org/springframework/spring-aop/5.1.9.RELEASE/spring-aop-5.1.9.RELEASE.jar:/home/brino/.m2/repository/org/springframework/boot/spring-boot-starter-test/2.1.8.RELEASE/spring-boot-starter-test-2.1.8.RELEASE.jar:/home/brino/.m2/repository/org/springframework/boot/spring-boot-test/2.1.8.RELEASE/spring-boot-test-2.1.8.RELEASE.jar:/home/brino/.m2/repository/org/springframework/boot/spring-boot-test-autoconfigure/2.1.8.RELEASE/spring-boot-test-autoconfigure-2.1.8.RELEASE.jar:/home/brino/.m2/repository/com/jayway/jsonpath/json-path/2.4.0/json-path-2.4.0.jar:/home/brino/.m2/repository/net/minidev/json-smart/2.3/json-smart-2.3.jar:/home/brino/.m2/repository/net/minidev/accessors-smart/1.2/accessors-smart-1.2.jar:/home/brino/.m2/repository/org/ow2/asm/asm/5.0.4/asm-5.0.4.jar:/home/brino/.m2/repository/junit/junit/4.12/junit-4.12.jar:/home/brino/.m2/repository/org/assertj/assertj-core/3.11.1/assertj-core-3.11.1.jar:/home/brino/.m2/repository/org/mockito/mockito-core/2.23.4/mockito-core-2.23.4.jar:/home/brino/.m2/repository/net/bytebuddy/byte-buddy/1.9.16/byte-buddy-1.9.16.jar:/home/brino/.m2/repository/net/bytebuddy/byte-buddy-agent/1.9.16/byte-buddy-agent-1.9.16.jar:/home/brino/.m2/repository/org/objenesis/objenesis/2.6/objenesis-2.6.jar:/home/brino/.m2/repository/org/hamcrest/hamcrest-core/1.3/hamcrest-core-1.3.jar:/home/brino/.m2/repository/org/hamcrest/hamcrest-library/1.3/hamcrest-library-1.3.jar:/home/brino/.m2/repository/org/skyscreamer/jsonassert/1.5.0/jsonassert-1.5.0.jar:/home/brino/.m2/repository/com/vaadin/external/google/android-json/0.0.20131108.vaadin1/android-json-0.0.20131108.vaadin1.jar:/home/brino/.m2/repository/org/springframework/spring-core/5.1.9.RELEASE/spring-core-5.1.9.RELEASE.jar:/home/brino/.m2/repository/org/springframework/spring-jcl/5.1.9.RELEASE/spring-jcl-5.1.9.RELEASE.jar:/home/brino/.m2/repository/org/springframework/spring-test/5.1.9.RELEASE/spring-test-5.1.9.RELEASE.jar:/home/brino/.m2/repository/org/xmlunit/xmlunit-core/2.6.3/xmlunit-core-2.6.3.jar:/home/brino/.m2/repository/javax/xml/bind/jaxb-api/2.3.1/jaxb-api-2.3.1.jar:/home/brino/.m2/repository/javax/activation/javax.activation-api/1.2.0/javax.activation-api-1.2.0.jar:/home/brino/.m2/repository/org/apache/maven/plugins/maven-jar-plugin/3.0.2/maven-jar-plugin-3.0.2.jar:/home/brino/.m2/repository/org/apache/maven/maven-plugin-api/3.0/maven-plugin-api-3.0.jar:/home/brino/.m2/repository/org/sonatype/sisu/sisu-inject-plexus/1.4.2/sisu-inject-plexus-1.4.2.jar:/home/brino/.m2/repository/org/sonatype/sisu/sisu-inject-bean/1.4.2/sisu-inject-bean-1.4.2.jar:/home/brino/.m2/repository/org/sonatype/sisu/sisu-guice/2.1.7/sisu-guice-2.1.7-noaop.jar:/home/brino/.m2/repository/org/apache/maven/maven-core/3.0/maven-core-3.0.jar:/home/brino/.m2/repository/org/apache/maven/maven-settings-builder/3.0/maven-settings-builder-3.0.jar:/home/brino/.m2/repository/org/apache/maven/maven-repository-metadata/3.0/maven-repository-metadata-3.0.jar:/home/brino/.m2/repository/org/apache/maven/maven-model-builder/3.0/maven-model-builder-3.0.jar:/home/brino/.m2/repository/org/apache/maven/maven-aether-provider/3.0/maven-aether-provider-3.0.jar:/home/brino/.m2/repository/org/sonatype/aether/aether-impl/1.7/aether-impl-1.7.jar:/home/brino/.m2/repository/org/sonatype/aether/aether-spi/1.7/aether-spi-1.7.jar:/home/brino/.m2/repository/org/sonatype/aether/aether-api/1.7/aether-api-1.7.jar:/home/brino/.m2/repository/org/sonatype/aether/aether-util/1.7/aether-util-1.7.jar:/home/brino/.m2/repository/org/codehaus/plexus/plexus-interpolation/1.14/plexus-interpolation-1.14.jar:/home/brino/.m2/repository/org/codehaus/plexus/plexus-classworlds/2.2.3/plexus-classworlds-2.2.3.jar:/home/brino/.m2/repository/org/codehaus/plexus/plexus-component-annotations/1.5.5/plexus-component-annotations-1.5.5.jar:/home/brino/.m2/repository/org/sonatype/plexus/plexus-sec-dispatcher/1.3/plexus-sec-dispatcher-1.3.jar:/home/brino/.m2/repository/org/sonatype/plexus/plexus-cipher/1.4/plexus-cipher-1.4.jar:/home/brino/.m2/repository/org/apache/maven/maven-artifact/3.0/maven-artifact-3.0.jar:/home/brino/.m2/repository/org/apache/maven/maven-archiver/3.1.1/maven-archiver-3.1.1.jar:/home/brino/.m2/repository/org/apache/maven/shared/maven-shared-utils/3.0.1/maven-shared-utils-3.0.1.jar:/home/brino/.m2/repository/commons-io/commons-io/2.5/commons-io-2.5.jar:/home/brino/.m2/repository/org/codehaus/plexus/plexus-archiver/3.4/plexus-archiver-3.4.jar:/home/brino/.m2/repository/org/codehaus/plexus/plexus-io/2.7.1/plexus-io-2.7.1.jar:/home/brino/.m2/repository/org/apache/commons/commons-compress/1.11/commons-compress-1.11.jar:/home/brino/.m2/repository/org/iq80/snappy/snappy/0.4/snappy-0.4.jar:/home/brino/.m2/repository/org/tukaani/xz/1.5/xz-1.5.jar:/home/brino/.m2/repository/org/codehaus/plexus/plexus-utils/3.0.24/plexus-utils-3.0.24.jar:/home/brino/.m2/repository/de/flapdoodle/embed/de.flapdoodle.embed.mongo/2.1.2/de.flapdoodle.embed.mongo-2.1.2.jar:/home/brino/.m2/repository/de/flapdoodle/embed/de.flapdoodle.embed.process/2.1.2/de.flapdoodle.embed.process-2.1.2.jar:/home/brino/.m2/repository/org/apache/commons/commons-lang3/3.8.1/commons-lang3-3.8.1.jar:/home/brino/.m2/repository/net/java/dev/jna/jna/4.5.2/jna-4.5.2.jar:/home/brino/.m2/repository/net/java/dev/jna/jna-platform/4.5.2/jna-platform-4.5.2.jar:/home/brino/.m2/repository/org/projectlombok/lombok/1.18.8/lombok-1.18.8.jar:/home/brino/.m2/repository/com/microsoft/azure/azure-webapp-maven-plugin/1.7.0/azure-webapp-maven-plugin-1.7.0.jar:/home/brino/.m2/repository/org/dom4j/dom4j/2.0.2/dom4j-2.0.2.jar:/home/brino/.m2/repository/jaxen/jaxen/1.1.6/jaxen-1.1.6.jar:/home/brino/.m2/repository/org/apache/commons/commons-collections4/4.2/commons-collections4-4.2.jar:/home/brino/.m2/repository/org/apache/maven/maven-settings/3.3.3/maven-settings-3.3.3.jar:/home/brino/.m2/repository/org/apache/maven/maven-model/3.3.3/maven-model-3.3.3.jar:/home/brino/.m2/repository/com/microsoft/azure/azure-maven-plugin-lib/1.2.9/azure-maven-plugin-lib-1.2.9.jar:/home/brino/.m2/repository/org/apache/maven/shared/maven-filtering/3.0.0/maven-filtering-3.0.0.jar:/home/brino/.m2/repository/org/sonatype/plexus/plexus-build-api/0.0.7/plexus-build-api-0.0.7.jar:/home/brino/.m2/repository/com/microsoft/azure/azure/1.21.0/azure-1.21.0.jar:/home/brino/.m2/repository/com/microsoft/azure/azure-client-runtime/1.6.4/azure-client-runtime-1.6.4.jar:/home/brino/.m2/repository/com/microsoft/rest/client-runtime/1.6.4/client-runtime-1.6.4.jar:/home/brino/.m2/repository/com/google/guava/guava/20.0/guava-20.0.jar:/home/brino/.m2/repository/com/squareup/retrofit2/retrofit/2.4.0/retrofit-2.4.0.jar:/home/brino/.m2/repository/com/squareup/okhttp3/okhttp/3.11.0/okhttp-3.11.0.jar:/home/brino/.m2/repository/com/squareup/okio/okio/1.14.0/okio-1.14.0.jar:/home/brino/.m2/repository/com/squareup/okhttp3/logging-interceptor/3.11.0/logging-interceptor-3.11.0.jar:/home/brino/.m2/repository/com/squareup/okhttp3/okhttp-urlconnection/3.11.0/okhttp-urlconnection-3.11.0.jar:/home/brino/.m2/repository/com/squareup/retrofit2/converter-jackson/2.4.0/converter-jackson-2.4.0.jar:/home/brino/.m2/repository/com/fasterxml/jackson/datatype/jackson-datatype-joda/2.9.9/jackson-datatype-joda-2.9.9.jar:/home/brino/.m2/repository/com/squareup/retrofit2/adapter-rxjava/2.4.0/adapter-rxjava-2.4.0.jar:/home/brino/.m2/repository/com/microsoft/azure/azure-client-authentication/1.6.4/azure-client-authentication-1.6.4.jar:/home/brino/.m2/repository/commons-codec/commons-codec/1.11/commons-codec-1.11.jar:/home/brino/.m2/repository/com/microsoft/azure/adal4j/1.6.2/adal4j-1.6.2.jar:/home/brino/.m2/repository/com/nimbusds/oauth2-oidc-sdk/5.64.4/oauth2-oidc-sdk-5.64.4.jar:/home/brino/.m2/repository/com/sun/mail/javax.mail/1.6.2/javax.mail-1.6.2.jar:/home/brino/.m2/repository/javax/activation/activation/1.1/activation-1.1.jar:/home/brino/.m2/repository/com/github/stephenc/jcip/jcip-annotations/1.0-1/jcip-annotations-1.0-1.jar:/home/brino/.m2/repository/com/nimbusds/lang-tag/1.4.4/lang-tag-1.4.4.jar:/home/brino/.m2/repository/com/nimbusds/nimbus-jose-jwt/8.2/nimbus-jose-jwt-8.2.jar:/home/brino/.m2/repository/com/microsoft/azure/azure-annotations/1.7.0/azure-annotations-1.7.0.jar:/home/brino/.m2/repository/com/microsoft/azure/azure-mgmt-resources/1.21.0/azure-mgmt-resources-1.21.0.jar:/home/brino/.m2/repository/io/reactivex/rxjava/1.3.8/rxjava-1.3.8.jar:/home/brino/.m2/repository/org/apache/httpcomponents/httpcore/4.4.12/httpcore-4.4.12.jar:/home/brino/.m2/repository/com/microsoft/azure/azure-mgmt-storage/1.21.0/azure-mgmt-storage-1.21.0.jar:/home/brino/.m2/repository/com/microsoft/azure/azure-mgmt-network/1.21.0/azure-mgmt-network-1.21.0.jar:/home/brino/.m2/repository/com/microsoft/azure/azure-mgmt-compute/1.21.0/azure-mgmt-compute-1.21.0.jar:/home/brino/.m2/repository/com/google/code/gson/gson/2.8.5/gson-2.8.5.jar:/home/brino/.m2/repository/com/microsoft/azure/azure-mgmt-graph-rbac/1.21.0/azure-mgmt-graph-rbac-1.21.0.jar:/home/brino/.m2/repository/com/microsoft/azure/azure-mgmt-keyvault/1.21.0/azure-mgmt-keyvault-1.21.0.jar:/home/brino/.m2/repository/com/microsoft/azure/azure-keyvault/1.0.0/azure-keyvault-1.0.0.jar:/home/brino/.m2/repository/com/microsoft/azure/azure-keyvault-webkey/1.0.0/azure-keyvault-webkey-1.0.0.jar:/home/brino/.m2/repository/com/microsoft/azure/azure-mgmt-batch/1.21.0/azure-mgmt-batch-1.21.0.jar:/home/brino/.m2/repository/com/microsoft/azure/azure-mgmt-trafficmanager/1.21.0/azure-mgmt-trafficmanager-1.21.0.jar:/home/brino/.m2/repository/com/microsoft/azure/azure-mgmt-dns/1.21.0/azure-mgmt-dns-1.21.0.jar:/home/brino/.m2/repository/com/microsoft/azure/azure-mgmt-redis/1.21.0/azure-mgmt-redis-1.21.0.jar:/home/brino/.m2/repository/com/microsoft/azure/azure-mgmt-appservice/1.21.0/azure-mgmt-appservice-1.21.0.jar:/home/brino/.m2/repository/com/microsoft/azure/azure-storage/6.1.0/azure-storage-6.1.0.jar:/home/brino/.m2/repository/com/microsoft/azure/azure-keyvault-core/0.8.0/azure-keyvault-core-0.8.0.jar:/home/brino/.m2/repository/com/microsoft/azure/azure-mgmt-locks/1.21.0/azure-mgmt-locks-1.21.0.jar:/home/brino/.m2/repository/com/microsoft/azure/azure-mgmt-eventhub/1.21.0/azure-mgmt-eventhub-1.21.0.jar:/home/brino/.m2/repository/com/microsoft/azure/azure-mgmt-cdn/1.21.0/azure-mgmt-cdn-1.21.0.jar:/home/brino/.m2/repository/com/microsoft/azure/azure-mgmt-sql/1.21.0/azure-mgmt-sql-1.21.0.jar:/home/brino/.m2/repository/com/microsoft/azure/azure-mgmt-containerinstance/1.21.0/azure-mgmt-containerinstance-1.21.0.jar:/home/brino/.m2/repository/com/microsoft/azure/azure-mgmt-containerregistry/1.21.0/azure-mgmt-containerregistry-1.21.0.jar:/home/brino/.m2/repository/com/microsoft/azure/azure-mgmt-containerservice/1.21.0/azure-mgmt-containerservice-1.21.0.jar:/home/brino/.m2/repository/com/microsoft/azure/azure-mgmt-cosmosdb/1.21.0/azure-mgmt-cosmosdb-1.21.0.jar:/home/brino/.m2/repository/com/microsoft/azure/azure-mgmt-search/1.21.0/azure-mgmt-search-1.21.0.jar:/home/brino/.m2/repository/com/microsoft/azure/azure-mgmt-msi/1.21.0/azure-mgmt-msi-1.21.0.jar:/home/brino/.m2/repository/com/microsoft/azure/azure-mgmt-monitor/1.21.0/azure-mgmt-monitor-1.21.0.jar:/home/brino/.m2/repository/com/microsoft/azure/azure-mgmt-servicebus/1.21.0/azure-mgmt-servicebus-1.21.0.jar:/home/brino/.m2/repository/joda-time/joda-time/2.10.3/joda-time-2.10.3.jar:/home/brino/.m2/repository/com/microsoft/azure/azure-mgmt-batchai/1.21.0/azure-mgmt-batchai-1.21.0.jar:/home/brino/.m2/repository/com/microsoft/azure/applicationinsights-core/2.2.1/applicationinsights-core-2.2.1.jar:/home/brino/.m2/repository/commons-net/commons-net/3.6/commons-net-3.6.jar:/home/brino/.m2/repository/org/zeroturnaround/zt-zip/1.13/zt-zip-1.13.jar:/home/brino/.m2/repository/jakarta/xml/bind/jakarta.xml.bind-api/2.3.2/jakarta.xml.bind-api-2.3.2.jar:/home/brino/.m2/repository/jakarta/activation/jakarta.activation-api/1.2.1/jakarta.activation-api-1.2.1.jar:/home/brino/.m2/repository/org/glassfish/jaxb/jaxb-runtime/2.3.1/jaxb-runtime-2.3.1.jar:/home/brino/.m2/repository/org/glassfish/jaxb/txw2/2.3.1/txw2-2.3.1.jar:/home/brino/.m2/repository/com/sun/istack/istack-commons-runtime/3.0.7/istack-commons-runtime-3.0.7.jar:/home/brino/.m2/repository/org/jvnet/staxex/stax-ex/1.8/stax-ex-1.8.jar:/home/brino/.m2/repository/com/sun/xml/fastinfoset/FastInfoset/1.2.15/FastInfoset-1.2.15.jar:"/>
    <property name="sun.cpu.endian" value="little"/>
    <property name="user.home" value="/home/brino"/>
    <property name="user.language" value="pt"/>
    <property name="java.specification.vendor" value="Oracle Corporation"/>
    <property name="java.version.date" value="2019-07-16"/>
    <property name="java.home" value="/usr/lib/jvm/java-11-openjdk-amd64"/>
    <property name="file.separator" value="/"/>
    <property name="basedir" value="/home/brino/Documentos/TechConnective"/>
    <property name="java.vm.compressedOopsMode" value="32-bit"/>
    <property name="line.separator" value="&#10;"/>
    <property name="java.specification.name" value="Java Platform API Specification"/>
    <property name="java.vm.specification.vendor" value="Oracle Corporation"/>
    <property name="java.awt.graphicsenv" value="sun.awt.X11GraphicsEnvironment"/>
    <property name="surefire.real.class.path" value="/home/brino/Documentos/TechConnective/target/surefire/surefirebooter12864368317957406712.jar"/>
    <property name="sun.management.compiler" value="HotSpot 64-Bit Tiered Compilers"/>
    <property name="java.runtime.version" value="11.0.4+11-post-Ubuntu-1ubuntu218.04.3"/>
    <property name="user.name" value="brino"/>
    <property name="path.separator" value=":"/>
    <property name="os.version" value="5.0.0-32-generic"/>
    <property name="java.runtime.name" value="OpenJDK Runtime Environment"/>
    <property name="file.encoding" value="UTF-8"/>
    <property name="java.vm.name" value="OpenJDK 64-Bit Server VM"/>
    <property name="localRepository" value="/home/brino/.m2/repository"/>
    <property name="java.vendor.url.bug" value="https://bugs.launchpad.net/ubuntu/+source/openjdk-lts"/>
    <property name="java.io.tmpdir" value="/tmp"/>
    <property name="java.version" value="11.0.4"/>
    <property name="user.dir" value="/home/brino/Documentos/TechConnective"/>
    <property name="os.arch" value="amd64"/>
    <property name="java.vm.specification.name" value="Java Virtual Machine Specification"/>
    <property name="java.awt.printerjob" value="sun.print.PSPrinterJob"/>
    <property name="sun.os.patch.level" value="unknown"/>
    <property name="java.library.path" value="/usr/java/packages/lib:/usr/lib/x86_64-linux-gnu/jni:/lib/x86_64-linux-gnu:/usr/lib/x86_64-linux-gnu:/usr/lib/jni:/lib:/usr/lib"/>
    <property name="java.vendor" value="Ubuntu"/>
    <property name="java.vm.info" value="mixed mode, sharing"/>
    <property name="java.vm.version" value="11.0.4+11-post-Ubuntu-1ubuntu218.04.3"/>
    <property name="sun.io.unicode.encoding" value="UnicodeLittle"/>
    <property name="java.class.version" value="55.0"/>
  </properties>
  <testcase name="contextLoads" classname="com.bandtec.techconnective.TechconnectiveApplicationTests" time="0.231"/>
</testsuite>